<?xml version="1.0" encoding="UTF-8"?>
<testng-results ignored="0" total="0" passed="0" failed="0" skipped="0">
  <reporter-output>
  </reporter-output>
  <suite started-at="2021-05-16T00:04:05 CEST" name="com.fwsb.test.TestBase" finished-at="2021-05-16T00:04:05 CEST" duration-ms="230">
    <groups>
    </groups>
    <test started-at="2021-05-16T00:04:05 CEST" name="Command line test" finished-at="2021-05-16T00:04:05 CEST" duration-ms="230">
      <class name="com.fwsb.test.TestBase">
        <test-method is-config="true" signature="setUpTest()[pri:0, instance:com.fwsb.test.TestBase@48503868]" started-at="2021-05-16T00:04:05 CEST" name="setUpTest" finished-at="2021-05-16T00:04:05 CEST" duration-ms="216" status="PASS">
          <reporter-output>
          </reporter-output>
        </test-method> <!-- setUpTest -->
        <test-method is-config="true" signature="tearDownTest()[pri:0, instance:com.fwsb.test.TestBase@48503868]" started-at="2021-05-16T00:04:05 CEST" name="tearDownTest" finished-at="2021-05-16T00:04:05 CEST" duration-ms="4" status="PASS">
          <reporter-output>
          </reporter-output>
        </test-method> <!-- tearDownTest -->
      </class> <!-- com.fwsb.test.TestBase -->
    </test> <!-- Command line test -->
  </suite> <!-- com.fwsb.test.TestBase -->
</testng-results>
